Sender: LSF System <lsfadmin@polus-c4-ib.bmc.hpc.cs.msu.ru>
Subject: Job 1420558: <task1> in cluster <MSUCluster> Done

Job <task1> was submitted from host <polus-ib.bmc.hpc.cs.msu.ru> by user <edu-cmc-skmodel25-618-1-04> in cluster <MSUCluster> at Sun Dec  7 13:55:45 2025
Job was executed on host(s) <polus-c4-ib.bmc.hpc.cs.msu.ru>, in queue <short>, as user <edu-cmc-skmodel25-618-1-04> in cluster <MSUCluster> at Sun Dec  7 13:55:45 2025
</home_edu/edu-cmc-skmodel25-618-1/edu-cmc-skmodel25-618-1-04> was used as the home directory.
</home_edu/edu-cmc-skmodel25-618-1/edu-cmc-skmodel25-618-1-04/SuperComputer> was used as the working directory.
Started at Sun Dec  7 13:55:45 2025
Terminated at Sun Dec  7 13:55:46 2025
Results reported at Sun Dec  7 13:55:46 2025

Your job looked like:

------------------------------------------------------------
# LSBATCH: User input
#!/bin/bash
#BSUB -J "task1"             # 任务名
#BSUB -n 1                   # 只用1个CPU核（顺序程序）
#BSUB -W 00:20               # 预估时间 20 分钟，够用就行
#BSUB -q short               # 队列名（按你学校文档来，如果有别的，比如 cpu / normal 就改这里）
#BSUB -oo task1.%J.out       # 标准输出（覆盖）
#BSUB -eo task1.%J.err       # 标准错误（覆盖）

g++ -O3 -std=c++11 task1.cpp -o task1


echo "Start sequential PCG ..."
./task1
echo "Done."
------------------------------------------------------------

Successfully completed.

Resource usage summary:

    CPU time :                                   0.84 sec.
    Max Memory :                                 76 MB
    Average Memory :                             51.00 MB
    Total Requested Memory :                     -
    Delta Memory :                               -
    Max Swap :                                   -
    Max Processes :                              5
    Max Threads :                                6
    Run time :                                   2 sec.
    Turnaround time :                            1 sec.

The output (if any) follows:

Start sequential PCG ...
Start sequential PCG ...
Grid 10x10
iters=17  res=7.12375e-07  time=5.141e-05 s
Saved: result_10x10.txt
Grid 20x20
iters=38  res=6.01515e-07  time=0.000376959 s
Saved: result_20x20.txt
Grid 40x40
iters=75  res=8.02529e-07  time=0.00257215 s
Saved: result_40x40.txt
Done.
Done.


PS:

Read file <task1.1420558.err> for stderr output of this job.

